{"numFailedTestSuites":0,"numFailedTests":0,"numPassedTestSuites":13,"numPassedTests":77,"numPendingTestSuites":0,"numPendingTests":0,"numRuntimeErrorTestSuites":0,"numTodoTests":0,"numTotalTestSuites":13,"numTotalTests":77,"openHandles":[],"snapshot":{"added":0,"didUpdate":false,"failure":false,"filesAdded":0,"filesRemoved":0,"filesRemovedList":[],"filesUnmatched":0,"filesUpdated":0,"matched":19,"total":19,"unchecked":0,"uncheckedKeysByFile":[],"unmatched":0,"updated":0},"startTime":1595652634969,"success":true,"testResults":[{"assertionResults":[{"ancestorTitles":["copypaste","registerCopySource"],"failureMessages":[],"fullName":"copypaste registerCopySource registers and unregisters works for copy","location":null,"status":"passed","title":"registers and unregisters works for copy"},{"ancestorTitles":["copypaste","registerCopySource"],"failureMessages":[],"fullName":"copypaste registerCopySource works for cut","location":null,"status":"passed","title":"works for cut"},{"ancestorTitles":["copypaste","copy/cut listener"],"failureMessages":[],"fullName":"copypaste copy/cut listener no selection","location":null,"status":"passed","title":"no selection"},{"ancestorTitles":["copypaste","copy/cut listener"],"failureMessages":[],"fullName":"copypaste copy/cut listener no clipboardData, IE11","location":null,"status":"passed","title":"no clipboardData, IE11"},{"ancestorTitles":["copypaste","copy/cut listener"],"failureMessages":[],"fullName":"copypaste copy/cut listener works","location":null,"status":"passed","title":"works"},{"ancestorTitles":["copypaste","copy/cut listener"],"failureMessages":[],"fullName":"copypaste copy/cut listener uses the default copy-paste behavior if content is empty","location":null,"status":"passed","title":"uses the default copy-paste behavior if content is empty"},{"ancestorTitles":["copypaste","copy/cut listener"],"failureMessages":[],"fullName":"copypaste copy/cut listener supports copy-pasting from decorators content","location":null,"status":"passed","title":"supports copy-pasting from decorators content"},{"ancestorTitles":["copypaste","copy/cut listener"],"failureMessages":[],"fullName":"copypaste copy/cut listener supports copy-pasting from decorators content #2","location":null,"status":"passed","title":"supports copy-pasting from decorators content #2"},{"ancestorTitles":["copypaste","copy/cut listener"],"failureMessages":[],"fullName":"copypaste copy/cut listener supports pasting from text nodes only","location":null,"status":"passed","title":"supports pasting from text nodes only"},{"ancestorTitles":["copypaste"],"failureMessages":[],"fullName":"copypaste checks whether anchor node is indeed in a decorator","location":null,"status":"passed","title":"checks whether anchor node is indeed in a decorator"},{"ancestorTitles":["copypaste"],"failureMessages":[],"fullName":"copypaste checks whether focus node is indeed in a decorator","location":null,"status":"passed","title":"checks whether focus node is indeed in a decorator"},{"ancestorTitles":["copypaste","handleDraftEditorPastedText"],"failureMessages":[],"fullName":"copypaste handleDraftEditorPastedText no HTML","location":null,"status":"passed","title":"no HTML"},{"ancestorTitles":["copypaste","handleDraftEditorPastedText"],"failureMessages":[],"fullName":"copypaste handleDraftEditorPastedText HTML from other app","location":null,"status":"passed","title":"HTML from other app"},{"ancestorTitles":["copypaste","handleDraftEditorPastedText"],"failureMessages":[],"fullName":"copypaste handleDraftEditorPastedText HTML from draftjs-conductor","location":null,"status":"passed","title":"HTML from draftjs-conductor"},{"ancestorTitles":["copypaste","handleDraftEditorPastedText"],"failureMessages":[],"fullName":"copypaste handleDraftEditorPastedText invalid JSON","location":null,"status":"passed","title":"invalid JSON"}],"endTime":1595652637920,"message":"","name":"/home/travis/build/thibaudcolas/draftjs-conductor/src/lib/api/copypaste.test.js","startTime":1595652635523,"status":"passed","summary":""},{"assertionResults":[{"ancestorTitles":["DemoEditor"],"failureMessages":[],"fullName":"DemoEditor renders","location":null,"status":"passed","title":"renders"},{"ancestorTitles":["DemoEditor"],"failureMessages":[],"fullName":"DemoEditor componentWillUnmount","location":null,"status":"passed","title":"componentWillUnmount"},{"ancestorTitles":["DemoEditor","#extended"],"failureMessages":[],"fullName":"DemoEditor #extended works","location":null,"status":"passed","title":"works"},{"ancestorTitles":["DemoEditor","#extended"],"failureMessages":[],"fullName":"DemoEditor #extended can take predefined content","location":null,"status":"passed","title":"can take predefined content"},{"ancestorTitles":["DemoEditor","onChange"],"failureMessages":[],"fullName":"DemoEditor onChange works","location":null,"status":"passed","title":"works"},{"ancestorTitles":["DemoEditor"],"failureMessages":[],"fullName":"DemoEditor toggleStyle","location":null,"status":"passed","title":"toggleStyle"},{"ancestorTitles":["DemoEditor"],"failureMessages":[],"fullName":"DemoEditor toggleBlock","location":null,"status":"passed","title":"toggleBlock"},{"ancestorTitles":["DemoEditor","toggleEntity"],"failureMessages":[],"fullName":"DemoEditor toggleEntity LINK","location":null,"status":"passed","title":"LINK"},{"ancestorTitles":["DemoEditor","toggleEntity"],"failureMessages":[],"fullName":"DemoEditor toggleEntity IMAGE","location":null,"status":"passed","title":"IMAGE"},{"ancestorTitles":["DemoEditor","toggleEntity"],"failureMessages":[],"fullName":"DemoEditor toggleEntity SNIPPET","location":null,"status":"passed","title":"SNIPPET"},{"ancestorTitles":["DemoEditor","toggleEntity"],"failureMessages":[],"fullName":"DemoEditor toggleEntity HORIZONTAL_RULE","location":null,"status":"passed","title":"HORIZONTAL_RULE"},{"ancestorTitles":["DemoEditor","blockRenderer"],"failureMessages":[],"fullName":"DemoEditor blockRenderer unstyled","location":null,"status":"passed","title":"unstyled"},{"ancestorTitles":["DemoEditor","blockRenderer"],"failureMessages":[],"fullName":"DemoEditor blockRenderer no entity","location":null,"status":"passed","title":"no entity"},{"ancestorTitles":["DemoEditor","blockRenderer"],"failureMessages":[],"fullName":"DemoEditor blockRenderer HORIZONTAL_RULE","location":null,"status":"passed","title":"HORIZONTAL_RULE"},{"ancestorTitles":["DemoEditor","blockRenderer"],"failureMessages":[],"fullName":"DemoEditor blockRenderer IMAGE","location":null,"status":"passed","title":"IMAGE"},{"ancestorTitles":["DemoEditor","blockRenderer"],"failureMessages":[],"fullName":"DemoEditor blockRenderer SNIPPET","location":null,"status":"passed","title":"SNIPPET"},{"ancestorTitles":["DemoEditor","handlePastedText"],"failureMessages":[],"fullName":"DemoEditor handlePastedText handled by handleDraftEditorPastedText","location":null,"status":"passed","title":"handled by handleDraftEditorPastedText"},{"ancestorTitles":["DemoEditor","handlePastedText"],"failureMessages":[],"fullName":"DemoEditor handlePastedText default handling","location":null,"status":"passed","title":"default handling"},{"ancestorTitles":["DemoEditor","onTab"],"failureMessages":[],"fullName":"DemoEditor onTab works","location":null,"status":"passed","title":"works"},{"ancestorTitles":["DemoEditor","onTab"],"failureMessages":[],"fullName":"DemoEditor onTab #extended","location":null,"status":"passed","title":"#extended"},{"ancestorTitles":["DemoEditor","addBR"],"failureMessages":[],"fullName":"DemoEditor addBR works","location":null,"status":"passed","title":"works"},{"ancestorTitles":["DemoEditor","toggleReadOnly"],"failureMessages":[],"fullName":"DemoEditor toggleReadOnly works","location":null,"status":"passed","title":"works"}],"endTime":1595652639279,"message":"","name":"/home/travis/build/thibaudcolas/draftjs-conductor/src/demo/components/DemoEditor.test.js","startTime":1595652637947,"status":"passed","summary":""},{"assertionResults":[{"ancestorTitles":["#createEditorStateFromRaw"],"failureMessages":[],"fullName":"#createEditorStateFromRaw creates state from real content","location":null,"status":"passed","title":"creates state from real content"},{"ancestorTitles":["#createEditorStateFromRaw"],"failureMessages":[],"fullName":"#createEditorStateFromRaw creates empty state from empty content","location":null,"status":"passed","title":"creates empty state from empty content"},{"ancestorTitles":["#createEditorStateFromRaw"],"failureMessages":[],"fullName":"#createEditorStateFromRaw takes a decorator","location":null,"status":"passed","title":"takes a decorator"},{"ancestorTitles":["#serialiseEditorStateToRaw"],"failureMessages":[],"fullName":"#serialiseEditorStateToRaw keeps real content","location":null,"status":"passed","title":"keeps real content"},{"ancestorTitles":["#serialiseEditorStateToRaw"],"failureMessages":[],"fullName":"#serialiseEditorStateToRaw discards empty content","location":null,"status":"passed","title":"discards empty content"},{"ancestorTitles":["#serialiseEditorStateToRaw"],"failureMessages":[],"fullName":"#serialiseEditorStateToRaw discards content with only empty text","location":null,"status":"passed","title":"discards content with only empty text"}],"endTime":1595652639516,"message":"","name":"/home/travis/build/thibaudcolas/draftjs-conductor/src/lib/api/conversion.test.js","startTime":1595652639316,"status":"passed","summary":""},{"assertionResults":[{"ancestorTitles":["SentryBoundary"],"failureMessages":[],"fullName":"SentryBoundary renders","location":null,"status":"passed","title":"renders"},{"ancestorTitles":["SentryBoundary"],"failureMessages":[],"fullName":"SentryBoundary componentDidCatch","location":null,"status":"passed","title":"componentDidCatch"},{"ancestorTitles":["SentryBoundary"],"failureMessages":[],"fullName":"SentryBoundary componentDidCatch Raven","location":null,"status":"passed","title":"componentDidCatch Raven"},{"ancestorTitles":["SentryBoundary"],"failureMessages":[],"fullName":"SentryBoundary #error","location":null,"status":"passed","title":"#error"},{"ancestorTitles":["SentryBoundary"],"failureMessages":[],"fullName":"SentryBoundary #error reload","location":null,"status":"passed","title":"#error reload"},{"ancestorTitles":["SentryBoundary"],"failureMessages":[],"fullName":"SentryBoundary #error Raven","location":null,"status":"passed","title":"#error Raven"},{"ancestorTitles":["SentryBoundary"],"failureMessages":[],"fullName":"SentryBoundary #error Raven report","location":null,"status":"passed","title":"#error Raven report"}],"endTime":1595652639743,"message":"","name":"/home/travis/build/thibaudcolas/draftjs-conductor/src/demo/components/SentryBoundary.test.js","startTime":1595652639526,"status":"passed","summary":""},{"assertionResults":[{"ancestorTitles":["Link"],"failureMessages":[],"fullName":"Link renders","location":null,"status":"passed","title":"renders"},{"ancestorTitles":["linkStrategy"],"failureMessages":[],"fullName":"linkStrategy works","location":null,"status":"passed","title":"works"}],"endTime":1595652639958,"message":"","name":"/home/travis/build/thibaudcolas/draftjs-conductor/src/demo/components/Link.test.js","startTime":1595652639763,"status":"passed","summary":""},{"assertionResults":[{"ancestorTitles":["DraftUtils","#addLineBreak"],"failureMessages":[],"fullName":"DraftUtils #addLineBreak works, collapsed","location":null,"status":"passed","title":"works, collapsed"},{"ancestorTitles":["DraftUtils","#addLineBreak"],"failureMessages":[],"fullName":"DraftUtils #addLineBreak works, non-collapsed","location":null,"status":"passed","title":"works, non-collapsed"}],"endTime":1595652640117,"message":"","name":"/home/travis/build/thibaudcolas/draftjs-conductor/src/demo/utils/DraftUtils.test.js","startTime":1595652639966,"status":"passed","summary":""},{"assertionResults":[{"ancestorTitles":["generateListNestingStyles"],"failureMessages":[],"fullName":"generateListNestingStyles works","location":null,"status":"passed","title":"works"},{"ancestorTitles":["ListNestingStyles"],"failureMessages":[],"fullName":"ListNestingStyles works","location":null,"status":"passed","title":"works"},{"ancestorTitles":["ListNestingStyles"],"failureMessages":[],"fullName":"ListNestingStyles max > DRAFT_DEFAULT_MAX_DEPTH","location":null,"status":"passed","title":"max > DRAFT_DEFAULT_MAX_DEPTH"},{"ancestorTitles":["blockDepthStyleFn"],"failureMessages":[],"fullName":"blockDepthStyleFn works","location":null,"status":"passed","title":"works"},{"ancestorTitles":["blockDepthStyleFn"],"failureMessages":[],"fullName":"blockDepthStyleFn depth > DRAFT_DEFAULT_MAX_DEPTH","location":null,"status":"passed","title":"depth > DRAFT_DEFAULT_MAX_DEPTH"}],"endTime":1595652640462,"message":"","name":"/home/travis/build/thibaudcolas/draftjs-conductor/src/lib/components/ListNestingStyles.test.js","startTime":1595652640126,"status":"passed","summary":""},{"assertionResults":[{"ancestorTitles":["draftjs-conductor"],"failureMessages":[],"fullName":"draftjs-conductor ListNestingStyles","location":null,"status":"passed","title":"ListNestingStyles"},{"ancestorTitles":["draftjs-conductor"],"failureMessages":[],"fullName":"draftjs-conductor DRAFT_DEFAULT_MAX_DEPTH","location":null,"status":"passed","title":"DRAFT_DEFAULT_MAX_DEPTH"},{"ancestorTitles":["draftjs-conductor"],"failureMessages":[],"fullName":"draftjs-conductor DRAFT_DEFAULT_DEPTH_CLASS","location":null,"status":"passed","title":"DRAFT_DEFAULT_DEPTH_CLASS"},{"ancestorTitles":["draftjs-conductor"],"failureMessages":[],"fullName":"draftjs-conductor generateListNestingStyles","location":null,"status":"passed","title":"generateListNestingStyles"},{"ancestorTitles":["draftjs-conductor"],"failureMessages":[],"fullName":"draftjs-conductor blockDepthStyleFn","location":null,"status":"passed","title":"blockDepthStyleFn"},{"ancestorTitles":["draftjs-conductor"],"failureMessages":[],"fullName":"draftjs-conductor registerCopySource","location":null,"status":"passed","title":"registerCopySource"},{"ancestorTitles":["draftjs-conductor"],"failureMessages":[],"fullName":"draftjs-conductor handleDraftEditorPastedText","location":null,"status":"passed","title":"handleDraftEditorPastedText"},{"ancestorTitles":["draftjs-conductor"],"failureMessages":[],"fullName":"draftjs-conductor createEditorStateFromRaw","location":null,"status":"passed","title":"createEditorStateFromRaw"},{"ancestorTitles":["draftjs-conductor"],"failureMessages":[],"fullName":"draftjs-conductor serialiseEditorStateToRaw","location":null,"status":"passed","title":"serialiseEditorStateToRaw"}],"endTime":1595652640625,"message":"","name":"/home/travis/build/thibaudcolas/draftjs-conductor/src/lib/index.test.js","startTime":1595652640473,"status":"passed","summary":""},{"assertionResults":[{"ancestorTitles":["Snippet"],"failureMessages":[],"fullName":"Snippet renders","location":null,"status":"passed","title":"renders"},{"ancestorTitles":["Snippet"],"failureMessages":[],"fullName":"Snippet no entity","location":null,"status":"passed","title":"no entity"}],"endTime":1595652640805,"message":"","name":"/home/travis/build/thibaudcolas/draftjs-conductor/src/demo/components/Snippet.test.js","startTime":1595652640647,"status":"passed","summary":""},{"assertionResults":[{"ancestorTitles":["Image"],"failureMessages":[],"fullName":"Image renders","location":null,"status":"passed","title":"renders"},{"ancestorTitles":["Image"],"failureMessages":[],"fullName":"Image no entity","location":null,"status":"passed","title":"no entity"}],"endTime":1595652640983,"message":"","name":"/home/travis/build/thibaudcolas/draftjs-conductor/src/demo/components/Image.test.js","startTime":1595652640815,"status":"passed","summary":""},{"assertionResults":[{"ancestorTitles":["demo"],"failureMessages":[],"fullName":"demo mount","location":null,"status":"passed","title":"mount"},{"ancestorTitles":["demo"],"failureMessages":[],"fullName":"demo no mount","location":null,"status":"passed","title":"no mount"}],"endTime":1595652641329,"message":"","name":"/home/travis/build/thibaudcolas/draftjs-conductor/src/index.test.js","startTime":1595652640992,"status":"passed","summary":""},{"assertionResults":[{"ancestorTitles":["Highlight"],"failureMessages":[],"fullName":"Highlight renders","location":null,"status":"passed","title":"renders"},{"ancestorTitles":["Highlight"],"failureMessages":[],"fullName":"Highlight onCopy","location":null,"status":"passed","title":"onCopy"}],"endTime":1595652641644,"message":"","name":"/home/travis/build/thibaudcolas/draftjs-conductor/src/demo/components/Highlight.test.js","startTime":1595652641369,"status":"passed","summary":""},{"assertionResults":[{"ancestorTitles":["App"],"failureMessages":[],"fullName":"App renders","location":null,"status":"passed","title":"renders"}],"endTime":1595652641813,"message":"","name":"/home/travis/build/thibaudcolas/draftjs-conductor/src/demo/components/App.test.js","startTime":1595652641654,"status":"passed","summary":""}],"wasInterrupted":false,"coverageMap":{"/home/travis/build/thibaudcolas/draftjs-conductor/src/lib/api/copypaste.js":{"path":"/home/travis/build/thibaudcolas/draftjs-conductor/src/lib/api/copypaste.js","statementMap":{"0":{"start":{"line":16,"column":22},"end":{"line":16,"column":55}},"1":{"start":{"line":18,"column":24},"end":{"line":18,"column":74}},"2":{"start":{"line":22,"column":31},"end":{"line":42,"column":1}},"3":{"start":{"line":23,"column":36},"end":{"line":23,"column":45}},"4":{"start":{"line":24,"column":2},"end":{"line":26,"column":3}},"5":{"start":{"line":25,"column":4},"end":{"line":25,"column":17}},"6":{"start":{"line":29,"column":4},"end":{"line":29,"column":73}},"7":{"start":{"line":31,"column":4},"end":{"line":31,"column":70}},"8":{"start":{"line":33,"column":26},"end":{"line":33,"column":67}},"9":{"start":{"line":34,"column":25},"end":{"line":34,"column":64}},"10":{"start":{"line":36,"column":2},"end":{"line":41,"column":4}},"11":{"start":{"line":45,"column":27},"end":{"line":64,"column":1}},"12":{"start":{"line":49,"column":29},"end":{"line":49,"column":77}},"13":{"start":{"line":51,"column":19},"end":{"line":54,"column":3}},"14":{"start":{"line":59,"column":18},"end":{"line":61,"column":4}},"15":{"start":{"line":60,"column":4},"end":{"line":60,"column":40}},"16":{"start":{"line":63,"column":2},"end":{"line":63,"column":35}},"17":{"start":{"line":70,"column":32},"end":{"line":112,"column":1}},"18":{"start":{"line":76,"column":20},"end":{"line":76,"column":41}},"19":{"start":{"line":81,"column":2},"end":{"line":87,"column":3}},"20":{"start":{"line":86,"column":4},"end":{"line":86,"column":11}},"21":{"start":{"line":89,"column":19},"end":{"line":89,"column":73}},"22":{"start":{"line":92,"column":2},"end":{"line":111,"column":3}},"23":{"start":{"line":93,"column":20},"end":{"line":93,"column":73}},"24":{"start":{"line":94,"column":30},"end":{"line":94,"column":67}},"25":{"start":{"line":98,"column":24},"end":{"line":98,"column":53}},"26":{"start":{"line":100,"column":4},"end":{"line":100,"column":69}},"27":{"start":{"line":101,"column":4},"end":{"line":101,"column":63}},"28":{"start":{"line":105,"column":4},"end":{"line":105,"column":64}},"29":{"start":{"line":107,"column":4},"end":{"line":107,"column":64}},"30":{"start":{"line":108,"column":4},"end":{"line":108,"column":64}},"31":{"start":{"line":110,"column":4},"end":{"line":110,"column":23}},"32":{"start":{"line":117,"column":34},"end":{"line":130,"column":1}},"33":{"start":{"line":118,"column":20},"end":{"line":118,"column":30}},"34":{"start":{"line":119,"column":17},"end":{"line":119,"column":56}},"35":{"start":{"line":121,"column":2},"end":{"line":121,"column":45}},"36":{"start":{"line":122,"column":2},"end":{"line":122,"column":44}},"37":{"start":{"line":124,"column":2},"end":{"line":129,"column":4}},"38":{"start":{"line":126,"column":6},"end":{"line":126,"column":52}},"39":{"start":{"line":127,"column":6},"end":{"line":127,"column":51}},"40":{"start":{"line":137,"column":43},"end":{"line":174,"column":1}},"41":{"start":{"line":142,"column":2},"end":{"line":144,"column":3}},"42":{"start":{"line":143,"column":4},"end":{"line":143,"column":17}},"43":{"start":{"line":146,"column":14},"end":{"line":146,"column":64}},"44":{"start":{"line":147,"column":22},"end":{"line":147,"column":61}},"45":{"start":{"line":150,"column":2},"end":{"line":171,"column":3}},"46":{"start":{"line":151,"column":25},"end":{"line":151,"column":64}},"47":{"start":{"line":154,"column":4},"end":{"line":161,"column":5}},"48":{"start":{"line":158,"column":6},"end":{"line":158,"column":44}},"49":{"start":{"line":160,"column":6},"end":{"line":160,"column":19}},"50":{"start":{"line":163,"column":21},"end":{"line":163,"column":61}},"51":{"start":{"line":165,"column":20},"end":{"line":169,"column":5}},"52":{"start":{"line":170,"column":4},"end":{"line":170,"column":69}},"53":{"start":{"line":173,"column":2},"end":{"line":173,"column":15}}},"fnMap":{"0":{"name":"(anonymous_0)","decl":{"start":{"line":22,"column":31},"end":{"line":22,"column":32}},"loc":{"start":{"line":22,"column":57},"end":{"line":42,"column":1}},"line":22},"1":{"name":"(anonymous_1)","decl":{"start":{"line":45,"column":27},"end":{"line":45,"column":28}},"loc":{"start":{"line":48,"column":5},"end":{"line":64,"column":1}},"line":48},"2":{"name":"(anonymous_2)","decl":{"start":{"line":59,"column":33},"end":{"line":59,"column":34}},"loc":{"start":{"line":59,"column":44},"end":{"line":61,"column":3}},"line":59},"3":{"name":"(anonymous_3)","decl":{"start":{"line":70,"column":32},"end":{"line":70,"column":33}},"loc":{"start":{"line":75,"column":5},"end":{"line":112,"column":1}},"line":75},"4":{"name":"(anonymous_4)","decl":{"start":{"line":117,"column":34},"end":{"line":117,"column":35}},"loc":{"start":{"line":117,"column":63},"end":{"line":130,"column":1}},"line":117},"5":{"name":"(anonymous_5)","decl":{"start":{"line":125,"column":4},"end":{"line":125,"column":5}},"loc":{"start":{"line":125,"column":17},"end":{"line":128,"column":5}},"line":125},"6":{"name":"(anonymous_6)","decl":{"start":{"line":137,"column":43},"end":{"line":137,"column":44}},"loc":{"start":{"line":140,"column":5},"end":{"line":174,"column":1}},"line":140}},"branchMap":{"0":{"loc":{"start":{"line":24,"column":2},"end":{"line":26,"column":3}},"type":"if","locations":[{"start":{"line":24,"column":2},"end":{"line":26,"column":3}},{"start":{"line":24,"column":2},"end":{"line":26,"column":3}}],"line":24},"1":{"loc":{"start":{"line":24,"column":6},"end":{"line":24,"column":31}},"type":"binary-expr","locations":[{"start":{"line":24,"column":6},"end":{"line":24,"column":17}},{"start":{"line":24,"column":21},"end":{"line":24,"column":31}}],"line":24},"2":{"loc":{"start":{"line":29,"column":4},"end":{"line":29,"column":73}},"type":"cond-expr","locations":[{"start":{"line":29,"column":36},"end":{"line":29,"column":46}},{"start":{"line":29,"column":49},"end":{"line":29,"column":73}}],"line":29},"3":{"loc":{"start":{"line":31,"column":4},"end":{"line":31,"column":70}},"type":"cond-expr","locations":[{"start":{"line":31,"column":35},"end":{"line":31,"column":44}},{"start":{"line":31,"column":47},"end":{"line":31,"column":70}}],"line":31},"4":{"loc":{"start":{"line":33,"column":26},"end":{"line":33,"column":67}},"type":"binary-expr","locations":[{"start":{"line":33,"column":26},"end":{"line":33,"column":32}},{"start":{"line":33,"column":36},"end":{"line":33,"column":67}}],"line":33},"5":{"loc":{"start":{"line":34,"column":25},"end":{"line":34,"column":64}},"type":"binary-expr","locations":[{"start":{"line":34,"column":25},"end":{"line":34,"column":30}},{"start":{"line":34,"column":34},"end":{"line":34,"column":64}}],"line":34},"6":{"loc":{"start":{"line":37,"column":4},"end":{"line":40,"column":47}},"type":"binary-expr","locations":[{"start":{"line":37,"column":4},"end":{"line":37,"column":19}},{"start":{"line":38,"column":4},"end":{"line":38,"column":18}},{"start":{"line":39,"column":5},"end":{"line":39,"column":45}},{"start":{"line":40,"column":6},"end":{"line":40,"column":46}}],"line":37},"7":{"loc":{"start":{"line":63,"column":9},"end":{"line":63,"column":34}},"type":"cond-expr","locations":[{"start":{"line":63,"column":19},"end":{"line":63,"column":23}},{"start":{"line":63,"column":26},"end":{"line":63,"column":34}}],"line":63},"8":{"loc":{"start":{"line":81,"column":2},"end":{"line":87,"column":3}},"type":"if","locations":[{"start":{"line":81,"column":2},"end":{"line":87,"column":3}},{"start":{"line":81,"column":2},"end":{"line":87,"column":3}}],"line":81},"9":{"loc":{"start":{"line":82,"column":4},"end":{"line":84,"column":37}},"type":"binary-expr","locations":[{"start":{"line":82,"column":4},"end":{"line":82,"column":20}},{"start":{"line":83,"column":4},"end":{"line":83,"column":30}},{"start":{"line":84,"column":4},"end":{"line":84,"column":37}}],"line":82},"10":{"loc":{"start":{"line":92,"column":2},"end":{"line":111,"column":3}},"type":"if","locations":[{"start":{"line":92,"column":2},"end":{"line":111,"column":3}},{"start":{"line":92,"column":2},"end":{"line":111,"column":3}}],"line":92},"11":{"loc":{"start":{"line":142,"column":2},"end":{"line":144,"column":3}},"type":"if","locations":[{"start":{"line":142,"column":2},"end":{"line":144,"column":3}},{"start":{"line":142,"column":2},"end":{"line":144,"column":3}}],"line":142},"12":{"loc":{"start":{"line":142,"column":6},"end":{"line":142,"column":65}},"type":"binary-expr","locations":[{"start":{"line":142,"column":6},"end":{"line":142,"column":17}},{"start":{"line":142,"column":21},"end":{"line":142,"column":48}},{"start":{"line":142,"column":52},"end":{"line":142,"column":65}}],"line":142},"13":{"loc":{"start":{"line":150,"column":2},"end":{"line":171,"column":3}},"type":"if","locations":[{"start":{"line":150,"column":2},"end":{"line":171,"column":3}},{"start":{"line":150,"column":2},"end":{"line":171,"column":3}}],"line":150}},"s":{"0":6,"1":6,"2":6,"3":7,"4":7,"5":2,"6":5,"7":5,"8":5,"9":5,"10":5,"11":6,"12":4,"13":4,"14":4,"15":4,"16":4,"17":6,"18":11,"19":11,"20":7,"21":4,"22":4,"23":1,"24":1,"25":1,"26":1,"27":1,"28":1,"29":1,"30":1,"31":1,"32":6,"33":36,"34":36,"35":36,"36":36,"37":36,"38":3,"39":3,"40":6,"41":6,"42":1,"43":5,"44":5,"45":5,"46":3,"47":3,"48":3,"49":1,"50":2,"51":2,"52":2,"53":2},"f":{"0":7,"1":4,"2":4,"3":11,"4":36,"5":3,"6":6},"b":{"0":[2,5],"1":[7,5],"2":[4,1],"3":[4,1],"4":[5,5],"5":[5,5],"6":[5,4,3,1],"7":[3,1],"8":[7,4],"9":[11,10,7],"10":[1,3],"11":[1,5],"12":[6,6,6],"13":[3,2]},"_coverageSchema":"43e27e138ebf9cfc5966b082cf9a028302ed4184","hash":"ad2c561be2234f0ceb339b67a8af3b78dc2911a1"},"/home/travis/build/thibaudcolas/draftjs-conductor/src/demo/components/DemoEditor.js":{"path":"/home/travis/build/thibaudcolas/draftjs-conductor/src/demo/components/DemoEditor.js","statementMap":{"0":{"start":{"line":33,"column":22},"end":{"line":33,"column":51}},"1":{"start":{"line":35,"column":15},"end":{"line":43,"column":1}},"2":{"start":{"line":45,"column":24},"end":{"line":57,"column":1}},"3":{"start":{"line":59,"column":15},"end":{"line":62,"column":1}},"4":{"start":{"line":64,"column":24},"end":{"line":70,"column":1}},"5":{"start":{"line":72,"column":17},"end":{"line":101,"column":1}},"6":{"start":{"line":103,"column":25},"end":{"line":103,"column":27}},"7":{"start":{"line":124,"column":24},"end":{"line":126,"column":3}},"8":{"start":{"line":129,"column":4},"end":{"line":129,"column":17}},"9":{"start":{"line":130,"column":32},"end":{"line":130,"column":37}},"10":{"start":{"line":132,"column":22},"end":{"line":137,"column":6}},"11":{"start":{"line":139,"column":4},"end":{"line":143,"column":6}},"12":{"start":{"line":145,"column":4},"end":{"line":145,"column":45}},"13":{"start":{"line":146,"column":4},"end":{"line":146,"column":39}},"14":{"start":{"line":147,"column":4},"end":{"line":147,"column":39}},"15":{"start":{"line":148,"column":4},"end":{"line":148,"column":57}},"16":{"start":{"line":149,"column":4},"end":{"line":149,"column":51}},"17":{"start":{"line":150,"column":4},"end":{"line":150,"column":51}},"18":{"start":{"line":151,"column":4},"end":{"line":151,"column":53}},"19":{"start":{"line":152,"column":4},"end":{"line":152,"column":55}},"20":{"start":{"line":153,"column":4},"end":{"line":153,"column":61}},"21":{"start":{"line":157,"column":4},"end":{"line":157,"column":57}},"22":{"start":{"line":161,"column":4},"end":{"line":161,"column":33}},"23":{"start":{"line":166,"column":4},"end":{"line":166,"column":46}},"24":{"start":{"line":171,"column":28},"end":{"line":171,"column":38}},"25":{"start":{"line":172,"column":4},"end":{"line":172,"column":66}},"26":{"start":{"line":174,"column":4},"end":{"line":174,"column":23}},"27":{"start":{"line":179,"column":28},"end":{"line":179,"column":38}},"28":{"start":{"line":180,"column":4},"end":{"line":180,"column":64}},"29":{"start":{"line":182,"column":4},"end":{"line":182,"column":23}},"30":{"start":{"line":187,"column":28},"end":{"line":187,"column":38}},"31":{"start":{"line":188,"column":18},"end":{"line":188,"column":49}},"32":{"start":{"line":190,"column":4},"end":{"line":222,"column":5}},"33":{"start":{"line":191,"column":6},"end":{"line":194,"column":9}},"34":{"start":{"line":195,"column":24},"end":{"line":195,"column":57}},"35":{"start":{"line":196,"column":6},"end":{"line":198,"column":8}},"36":{"start":{"line":199,"column":11},"end":{"line":222,"column":5}},"37":{"start":{"line":201,"column":6},"end":{"line":203,"column":9}},"38":{"start":{"line":204,"column":24},"end":{"line":204,"column":57}},"39":{"start":{"line":205,"column":6},"end":{"line":207,"column":8}},"40":{"start":{"line":208,"column":11},"end":{"line":222,"column":5}},"41":{"start":{"line":210,"column":6},"end":{"line":210,"column":60}},"42":{"start":{"line":211,"column":24},"end":{"line":211,"column":57}},"43":{"start":{"line":212,"column":6},"end":{"line":214,"column":8}},"44":{"start":{"line":216,"column":6},"end":{"line":218,"column":9}},"45":{"start":{"line":219,"column":24},"end":{"line":219,"column":57}},"46":{"start":{"line":220,"column":24},"end":{"line":220,"column":50}},"47":{"start":{"line":221,"column":6},"end":{"line":221,"column":77}},"48":{"start":{"line":227,"column":28},"end":{"line":227,"column":38}},"49":{"start":{"line":228,"column":20},"end":{"line":228,"column":51}},"50":{"start":{"line":230,"column":4},"end":{"line":232,"column":5}},"51":{"start":{"line":231,"column":6},"end":{"line":231,"column":18}},"52":{"start":{"line":234,"column":22},"end":{"line":234,"column":42}},"53":{"start":{"line":236,"column":4},"end":{"line":240,"column":5}},"54":{"start":{"line":237,"column":6},"end":{"line":239,"column":8}},"55":{"start":{"line":242,"column":19},"end":{"line":242,"column":47}},"56":{"start":{"line":244,"column":4},"end":{"line":249,"column":5}},"57":{"start":{"line":245,"column":6},"end":{"line":248,"column":8}},"58":{"start":{"line":246,"column":25},"end":{"line":246,"column":31}},"59":{"start":{"line":251,"column":4},"end":{"line":256,"column":5}},"60":{"start":{"line":252,"column":6},"end":{"line":255,"column":8}},"61":{"start":{"line":258,"column":4},"end":{"line":261,"column":6}},"62":{"start":{"line":266,"column":19},"end":{"line":266,"column":65}},"63":{"start":{"line":268,"column":4},"end":{"line":271,"column":5}},"64":{"start":{"line":269,"column":6},"end":{"line":269,"column":30}},"65":{"start":{"line":270,"column":6},"end":{"line":270,"column":18}},"66":{"start":{"line":273,"column":4},"end":{"line":273,"column":17}},"67":{"start":{"line":278,"column":28},"end":{"line":278,"column":38}},"68":{"start":{"line":279,"column":21},"end":{"line":279,"column":74}},"69":{"start":{"line":281,"column":4},"end":{"line":281,"column":28}},"70":{"start":{"line":286,"column":28},"end":{"line":286,"column":38}},"71":{"start":{"line":287,"column":4},"end":{"line":287,"column":56}},"72":{"start":{"line":289,"column":4},"end":{"line":289,"column":23}},"73":{"start":{"line":294,"column":4},"end":{"line":294,"column":70}},"74":{"start":{"line":294,"column":44},"end":{"line":294,"column":67}},"75":{"start":{"line":296,"column":4},"end":{"line":296,"column":23}},"76":{"start":{"line":300,"column":25},"end":{"line":300,"column":35}},"77":{"start":{"line":301,"column":38},"end":{"line":301,"column":48}},"78":{"start":{"line":302,"column":19},"end":{"line":302,"column":54}},"79":{"start":{"line":303,"column":19},"end":{"line":303,"column":54}},"80":{"start":{"line":305,"column":4},"end":{"line":366,"column":6}},"81":{"start":{"line":310,"column":14},"end":{"line":315,"column":23}},"82":{"start":{"line":318,"column":14},"end":{"line":323,"column":23}},"83":{"start":{"line":326,"column":14},"end":{"line":331,"column":23}},"84":{"start":{"line":340,"column":14},"end":{"line":340,"column":35}}},"fnMap":{"0":{"name":"(anonymous_0)","decl":{"start":{"line":128,"column":2},"end":{"line":128,"column":3}},"loc":{"start":{"line":128,"column":28},"end":{"line":154,"column":3}},"line":128},"1":{"name":"(anonymous_1)","decl":{"start":{"line":156,"column":2},"end":{"line":156,"column":3}},"loc":{"start":{"line":156,"column":22},"end":{"line":158,"column":3}},"line":156},"2":{"name":"(anonymous_2)","decl":{"start":{"line":160,"column":2},"end":{"line":160,"column":3}},"loc":{"start":{"line":160,"column":25},"end":{"line":162,"column":3}},"line":160},"3":{"name":"(anonymous_3)","decl":{"start":{"line":165,"column":2},"end":{"line":165,"column":3}},"loc":{"start":{"line":165,"column":35},"end":{"line":167,"column":3}},"line":165},"4":{"name":"(anonymous_4)","decl":{"start":{"line":170,"column":2},"end":{"line":170,"column":3}},"loc":{"start":{"line":170,"column":38},"end":{"line":175,"column":3}},"line":170},"5":{"name":"(anonymous_5)","decl":{"start":{"line":178,"column":2},"end":{"line":178,"column":3}},"loc":{"start":{"line":178,"column":46},"end":{"line":183,"column":3}},"line":178},"6":{"name":"(anonymous_6)","decl":{"start":{"line":186,"column":2},"end":{"line":186,"column":3}},"loc":{"start":{"line":186,"column":70},"end":{"line":223,"column":3}},"line":186},"7":{"name":"(anonymous_7)","decl":{"start":{"line":226,"column":2},"end":{"line":226,"column":3}},"loc":{"start":{"line":226,"column":37},"end":{"line":262,"column":3}},"line":226},"8":{"name":"(anonymous_8)","decl":{"start":{"line":246,"column":19},"end":{"line":246,"column":20}},"loc":{"start":{"line":246,"column":25},"end":{"line":246,"column":31}},"line":246},"9":{"name":"(anonymous_9)","decl":{"start":{"line":265,"column":2},"end":{"line":265,"column":3}},"loc":{"start":{"line":265,"column":74},"end":{"line":274,"column":3}},"line":265},"10":{"name":"(anonymous_10)","decl":{"start":{"line":277,"column":2},"end":{"line":277,"column":3}},"loc":{"start":{"line":277,"column":41},"end":{"line":282,"column":3}},"line":277},"11":{"name":"(anonymous_11)","decl":{"start":{"line":285,"column":2},"end":{"line":285,"column":3}},"loc":{"start":{"line":285,"column":18},"end":{"line":290,"column":3}},"line":285},"12":{"name":"(anonymous_12)","decl":{"start":{"line":293,"column":2},"end":{"line":293,"column":3}},"loc":{"start":{"line":293,"column":27},"end":{"line":297,"column":3}},"line":293},"13":{"name":"(anonymous_13)","decl":{"start":{"line":294,"column":18},"end":{"line":294,"column":19}},"loc":{"start":{"line":294,"column":44},"end":{"line":294,"column":67}},"line":294},"14":{"name":"(anonymous_14)","decl":{"start":{"line":299,"column":2},"end":{"line":299,"column":3}},"loc":{"start":{"line":299,"column":11},"end":{"line":367,"column":3}},"line":299},"15":{"name":"(anonymous_15)","decl":{"start":{"line":309,"column":37},"end":{"line":309,"column":38}},"loc":{"start":{"line":310,"column":14},"end":{"line":315,"column":23}},"line":310},"16":{"name":"(anonymous_16)","decl":{"start":{"line":317,"column":37},"end":{"line":317,"column":38}},"loc":{"start":{"line":318,"column":14},"end":{"line":323,"column":23}},"line":318},"17":{"name":"(anonymous_17)","decl":{"start":{"line":325,"column":26},"end":{"line":325,"column":27}},"loc":{"start":{"line":326,"column":14},"end":{"line":331,"column":23}},"line":326},"18":{"name":"(anonymous_18)","decl":{"start":{"line":339,"column":17},"end":{"line":339,"column":18}},"loc":{"start":{"line":339,"column":26},"end":{"line":341,"column":13}},"line":339}},"branchMap":{"0":{"loc":{"start":{"line":190,"column":4},"end":{"line":222,"column":5}},"type":"if","locations":[{"start":{"line":190,"column":4},"end":{"line":222,"column":5}},{"start":{"line":190,"column":4},"end":{"line":222,"column":5}}],"line":190},"1":{"loc":{"start":{"line":199,"column":11},"end":{"line":222,"column":5}},"type":"if","locations":[{"start":{"line":199,"column":11},"end":{"line":222,"column":5}},{"start":{"line":199,"column":11},"end":{"line":222,"column":5}}],"line":199},"2":{"loc":{"start":{"line":208,"column":11},"end":{"line":222,"column":5}},"type":"if","locations":[{"start":{"line":208,"column":11},"end":{"line":222,"column":5}},{"start":{"line":208,"column":11},"end":{"line":222,"column":5}}],"line":208},"3":{"loc":{"start":{"line":230,"column":4},"end":{"line":232,"column":5}},"type":"if","locations":[{"start":{"line":230,"column":4},"end":{"line":232,"column":5}},{"start":{"line":230,"column":4},"end":{"line":232,"column":5}}],"line":230},"4":{"loc":{"start":{"line":236,"column":4},"end":{"line":240,"column":5}},"type":"if","locations":[{"start":{"line":236,"column":4},"end":{"line":240,"column":5}},{"start":{"line":236,"column":4},"end":{"line":240,"column":5}}],"line":236},"5":{"loc":{"start":{"line":244,"column":4},"end":{"line":249,"column":5}},"type":"if","locations":[{"start":{"line":244,"column":4},"end":{"line":249,"column":5}},{"start":{"line":244,"column":4},"end":{"line":249,"column":5}}],"line":244},"6":{"loc":{"start":{"line":251,"column":4},"end":{"line":256,"column":5}},"type":"if","locations":[{"start":{"line":251,"column":4},"end":{"line":256,"column":5}},{"start":{"line":251,"column":4},"end":{"line":256,"column":5}}],"line":251},"7":{"loc":{"start":{"line":268,"column":4},"end":{"line":271,"column":5}},"type":"if","locations":[{"start":{"line":268,"column":4},"end":{"line":271,"column":5}},{"start":{"line":268,"column":4},"end":{"line":271,"column":5}}],"line":268},"8":{"loc":{"start":{"line":302,"column":19},"end":{"line":302,"column":54}},"type":"cond-expr","locations":[{"start":{"line":302,"column":30},"end":{"line":302,"column":45}},{"start":{"line":302,"column":48},"end":{"line":302,"column":54}}],"line":302},"9":{"loc":{"start":{"line":303,"column":19},"end":{"line":303,"column":54}},"type":"cond-expr","locations":[{"start":{"line":303,"column":30},"end":{"line":303,"column":45}},{"start":{"line":303,"column":48},"end":{"line":303,"column":54}}],"line":303},"10":{"loc":{"start":{"line":335,"column":15},"end":{"line":335,"column":37}},"type":"cond-expr","locations":[{"start":{"line":335,"column":26},"end":{"line":335,"column":30}},{"start":{"line":335,"column":33},"end":{"line":335,"column":37}}],"line":335}},"s":{"0":4,"1":4,"2":4,"3":4,"4":4,"5":4,"6":4,"7":4,"8":25,"9":25,"10":25,"11":25,"12":25,"13":25,"14":25,"15":25,"16":25,"17":25,"18":25,"19":25,"20":25,"21":25,"22":1,"23":9,"24":1,"25":1,"26":1,"27":1,"28":1,"29":1,"30":4,"31":4,"32":4,"33":1,"34":1,"35":1,"36":3,"37":1,"38":1,"39":1,"40":2,"41":1,"42":1,"43":1,"44":1,"45":1,"46":1,"47":1,"48":65,"49":65,"50":65,"51":55,"52":10,"53":10,"54":1,"55":9,"56":9,"57":4,"58":4,"59":5,"60":2,"61":3,"62":2,"63":2,"64":1,"65":1,"66":1,"67":2,"68":2,"69":2,"70":1,"71":1,"72":1,"73":1,"74":1,"75":1,"76":35,"77":35,"78":35,"79":35,"80":35,"81":91,"82":273,"83":140,"84":46},"f":{"0":25,"1":25,"2":1,"3":9,"4":1,"5":1,"6":4,"7":65,"8":4,"9":2,"10":2,"11":1,"12":1,"13":1,"14":35,"15":91,"16":273,"17":140,"18":46},"b":{"0":[1,3],"1":[1,2],"2":[1,1],"3":[55,10],"4":[1,9],"5":[4,5],"6":[2,3],"7":[1,1],"8":[7,28],"9":[7,28],"10":[1,34]},"_coverageSchema":"43e27e138ebf9cfc5966b082cf9a028302ed4184","hash":"95c4cace450c7d2f5c0362df25eee44bfd672854"},"/home/travis/build/thibaudcolas/draftjs-conductor/src/lib/index.js":{"path":"/home/travis/build/thibaudcolas/draftjs-conductor/src/lib/index.js","statementMap":{},"fnMap":{},"branchMap":{},"s":{},"f":{},"b":{},"_coverageSchema":"43e27e138ebf9cfc5966b082cf9a028302ed4184","hash":"f96eb31bb9287ad9d6cabf95002fdb7dcd8e804f"},"/home/travis/build/thibaudcolas/draftjs-conductor/src/lib/components/ListNestingStyles.js":{"path":"/home/travis/build/thibaudcolas/draftjs-conductor/src/lib/components/ListNestingStyles.js","statementMap":{"0":{"start":{"line":7,"column":39},"end":{"line":7,"column":40}},"1":{"start":{"line":10,"column":41},"end":{"line":10,"column":73}},"2":{"start":{"line":18,"column":41},"end":{"line":40,"column":1}},"3":{"start":{"line":23,"column":15},"end":{"line":23,"column":17}},"4":{"start":{"line":25,"column":2},"end":{"line":37,"column":3}},"5":{"start":{"line":25,"column":19},"end":{"line":25,"column":27}},"6":{"start":{"line":26,"column":14},"end":{"line":26,"column":27}},"7":{"start":{"line":27,"column":19},"end":{"line":27,"column":42}},"8":{"start":{"line":28,"column":20},"end":{"line":28,"column":28}},"9":{"start":{"line":29,"column":19},"end":{"line":29,"column":36}},"10":{"start":{"line":30,"column":14},"end":{"line":30,"column":28}},"11":{"start":{"line":32,"column":4},"end":{"line":36,"column":74}},"12":{"start":{"line":39,"column":2},"end":{"line":39,"column":16}},"13":{"start":{"line":46,"column":33},"end":{"line":55,"column":1}},"14":{"start":{"line":47,"column":18},"end":{"line":47,"column":23}},"15":{"start":{"line":48,"column":14},"end":{"line":48,"column":41}},"16":{"start":{"line":50,"column":2},"end":{"line":54,"column":11}},"17":{"start":{"line":62,"column":33},"end":{"line":67,"column":1}},"18":{"start":{"line":63,"column":16},"end":{"line":63,"column":32}},"19":{"start":{"line":64,"column":2},"end":{"line":66,"column":9}}},"fnMap":{"0":{"name":"(anonymous_0)","decl":{"start":{"line":18,"column":41},"end":{"line":18,"column":42}},"loc":{"start":{"line":22,"column":5},"end":{"line":40,"column":1}},"line":22},"1":{"name":"(anonymous_1)","decl":{"start":{"line":46,"column":33},"end":{"line":46,"column":34}},"loc":{"start":{"line":46,"column":61},"end":{"line":55,"column":1}},"line":46},"2":{"name":"(anonymous_2)","decl":{"start":{"line":62,"column":33},"end":{"line":62,"column":34}},"loc":{"start":{"line":62,"column":55},"end":{"line":67,"column":1}},"line":62}},"branchMap":{"0":{"loc":{"start":{"line":50,"column":9},"end":{"line":54,"column":10}},"type":"cond-expr","locations":[{"start":{"line":51,"column":4},"end":{"line":53,"column":12}},{"start":{"line":54,"column":6},"end":{"line":54,"column":10}}],"line":50},"1":{"loc":{"start":{"line":64,"column":9},"end":{"line":66,"column":8}},"type":"cond-expr","locations":[{"start":{"line":65,"column":6},"end":{"line":65,"column":52}},{"start":{"line":66,"column":6},"end":{"line":66,"column":8}}],"line":64}},"s":{"0":6,"1":6,"2":6,"3":37,"4":37,"5":37,"6":389,"7":389,"8":389,"9":389,"10":389,"11":389,"12":37,"13":6,"14":37,"15":37,"16":37,"17":6,"18":62,"19":62},"f":{"0":37,"1":37,"2":62},"b":{"0":[36,1],"1":[12,50]},"_coverageSchema":"43e27e138ebf9cfc5966b082cf9a028302ed4184","hash":"30956d82b5bf3d2ce9e90f64be7d0ea3b477d5e6"},"/home/travis/build/thibaudcolas/draftjs-conductor/src/lib/api/conversion.js":{"path":"/home/travis/build/thibaudcolas/draftjs-conductor/src/lib/api/conversion.js","statementMap":{"0":{"start":{"line":6,"column":28},"end":{"line":6,"column":32}},"1":{"start":{"line":12,"column":40},"end":{"line":26,"column":1}},"2":{"start":{"line":18,"column":2},"end":{"line":23,"column":3}},"3":{"start":{"line":19,"column":25},"end":{"line":19,"column":56}},"4":{"start":{"line":20,"column":4},"end":{"line":20,"column":73}},"5":{"start":{"line":22,"column":4},"end":{"line":22,"column":53}},"6":{"start":{"line":25,"column":2},"end":{"line":25,"column":21}},"7":{"start":{"line":32,"column":41},"end":{"line":45,"column":1}},"8":{"start":{"line":33,"column":23},"end":{"line":33,"column":54}},"9":{"start":{"line":34,"column":26},"end":{"line":34,"column":52}},"10":{"start":{"line":36,"column":18},"end":{"line":42,"column":4}},"11":{"start":{"line":38,"column":6},"end":{"line":40,"column":72}},"12":{"start":{"line":41,"column":4},"end":{"line":41,"column":24}},"13":{"start":{"line":44,"column":2},"end":{"line":44,"column":57}}},"fnMap":{"0":{"name":"(anonymous_0)","decl":{"start":{"line":12,"column":40},"end":{"line":12,"column":41}},"loc":{"start":{"line":15,"column":5},"end":{"line":26,"column":1}},"line":15},"1":{"name":"(anonymous_1)","decl":{"start":{"line":32,"column":41},"end":{"line":32,"column":42}},"loc":{"start":{"line":32,"column":71},"end":{"line":45,"column":1}},"line":32},"2":{"name":"(anonymous_2)","decl":{"start":{"line":36,"column":47},"end":{"line":36,"column":48}},"loc":{"start":{"line":36,"column":58},"end":{"line":42,"column":3}},"line":36}},"branchMap":{"0":{"loc":{"start":{"line":18,"column":2},"end":{"line":23,"column":3}},"type":"if","locations":[{"start":{"line":18,"column":2},"end":{"line":23,"column":3}},{"start":{"line":18,"column":2},"end":{"line":23,"column":3}}],"line":18},"1":{"loc":{"start":{"line":38,"column":6},"end":{"line":40,"column":72}},"type":"binary-expr","locations":[{"start":{"line":38,"column":6},"end":{"line":38,"column":36}},{"start":{"line":39,"column":7},"end":{"line":39,"column":26}},{"start":{"line":39,"column":30},"end":{"line":39,"column":61}},{"start":{"line":40,"column":7},"end":{"line":40,"column":31}},{"start":{"line":40,"column":35},"end":{"line":40,"column":71}}],"line":38},"2":{"loc":{"start":{"line":44,"column":9},"end":{"line":44,"column":56}},"type":"cond-expr","locations":[{"start":{"line":44,"column":19},"end":{"line":44,"column":38}},{"start":{"line":44,"column":41},"end":{"line":44,"column":56}}],"line":44}},"s":{"0":6,"1":6,"2":30,"3":6,"4":6,"5":24,"6":30,"7":6,"8":38,"9":38,"10":38,"11":41,"12":41,"13":38},"f":{"0":30,"1":38,"2":41},"b":{"0":[6,24],"1":[41,36,36,32,32],"2":[29,9]},"_coverageSchema":"43e27e138ebf9cfc5966b082cf9a028302ed4184","hash":"abc48eedd21f8f99c48cd536cfbe4d6b30446ff7"},"/home/travis/build/thibaudcolas/draftjs-conductor/src/demo/components/SentryBoundary.js":{"path":"/home/travis/build/thibaudcolas/draftjs-conductor/src/demo/components/SentryBoundary.js","statementMap":{"0":{"start":{"line":15,"column":4},"end":{"line":15,"column":17}},"1":{"start":{"line":16,"column":4},"end":{"line":16,"column":33}},"2":{"start":{"line":20,"column":29},"end":{"line":20,"column":43}},"3":{"start":{"line":21,"column":4},"end":{"line":21,"column":29}},"4":{"start":{"line":23,"column":4},"end":{"line":25,"column":5}},"5":{"start":{"line":24,"column":6},"end":{"line":24,"column":65}},"6":{"start":{"line":29,"column":25},"end":{"line":29,"column":35}},"7":{"start":{"line":30,"column":22},"end":{"line":30,"column":32}},"8":{"start":{"line":31,"column":29},"end":{"line":31,"column":43}},"9":{"start":{"line":33,"column":4},"end":{"line":81,"column":6}},"10":{"start":{"line":49,"column":22},"end":{"line":50,"column":53}},"11":{"start":{"line":70,"column":33},"end":{"line":70,"column":62}}},"fnMap":{"0":{"name":"(anonymous_0)","decl":{"start":{"line":14,"column":2},"end":{"line":14,"column":3}},"loc":{"start":{"line":14,"column":28},"end":{"line":17,"column":3}},"line":14},"1":{"name":"(anonymous_1)","decl":{"start":{"line":19,"column":2},"end":{"line":19,"column":3}},"loc":{"start":{"line":19,"column":73},"end":{"line":26,"column":3}},"line":19},"2":{"name":"(anonymous_2)","decl":{"start":{"line":28,"column":2},"end":{"line":28,"column":3}},"loc":{"start":{"line":28,"column":11},"end":{"line":82,"column":3}},"line":28},"3":{"name":"(anonymous_3)","decl":{"start":{"line":48,"column":29},"end":{"line":48,"column":30}},"loc":{"start":{"line":49,"column":22},"end":{"line":50,"column":53}},"line":49},"4":{"name":"(anonymous_4)","decl":{"start":{"line":70,"column":27},"end":{"line":70,"column":28}},"loc":{"start":{"line":70,"column":33},"end":{"line":70,"column":62}},"line":70}},"branchMap":{"0":{"loc":{"start":{"line":23,"column":4},"end":{"line":25,"column":5}},"type":"if","locations":[{"start":{"line":23,"column":4},"end":{"line":25,"column":5}},{"start":{"line":23,"column":4},"end":{"line":25,"column":5}}],"line":23},"1":{"loc":{"start":{"line":33,"column":11},"end":{"line":81,"column":5}},"type":"cond-expr","locations":[{"start":{"line":34,"column":6},"end":{"line":78,"column":12}},{"start":{"line":80,"column":6},"end":{"line":80,"column":14}}],"line":33},"2":{"loc":{"start":{"line":45,"column":17},"end":{"line":66,"column":17}},"type":"cond-expr","locations":[{"start":{"line":46,"column":18},"end":{"line":54,"column":27}},{"start":{"line":56,"column":18},"end":{"line":65,"column":22}}],"line":45},"3":{"loc":{"start":{"line":49,"column":22},"end":{"line":50,"column":53}},"type":"binary-expr","locations":[{"start":{"line":49,"column":22},"end":{"line":49,"column":48}},{"start":{"line":50,"column":22},"end":{"line":50,"column":53}}],"line":49}},"s":{"0":32,"1":32,"2":2,"3":2,"4":2,"5":1,"6":48,"7":48,"8":48,"9":48,"10":1,"11":1},"f":{"0":32,"1":2,"2":48,"3":1,"4":1},"b":{"0":[1,1],"1":[6,42],"2":[3,3],"3":[1,1]},"_coverageSchema":"43e27e138ebf9cfc5966b082cf9a028302ed4184","hash":"9b2e0d729550fa773091ebe4ee2d8dd8bccbc331"},"/home/travis/build/thibaudcolas/draftjs-conductor/src/demo/components/Highlight.js":{"path":"/home/travis/build/thibaudcolas/draftjs-conductor/src/demo/components/Highlight.js","statementMap":{"0":{"start":{"line":4,"column":15},"end":{"line":14,"column":1}},"1":{"start":{"line":5,"column":17},"end":{"line":5,"column":51}},"2":{"start":{"line":6,"column":2},"end":{"line":6,"column":23}},"3":{"start":{"line":9,"column":2},"end":{"line":9,"column":36}},"4":{"start":{"line":10,"column":2},"end":{"line":10,"column":18}},"5":{"start":{"line":11,"column":2},"end":{"line":11,"column":31}},"6":{"start":{"line":13,"column":2},"end":{"line":13,"column":36}},"7":{"start":{"line":16,"column":18},"end":{"line":26,"column":1}},"8":{"start":{"line":17,"column":2},"end":{"line":25,"column":8}}},"fnMap":{"0":{"name":"(anonymous_0)","decl":{"start":{"line":4,"column":15},"end":{"line":4,"column":16}},"loc":{"start":{"line":4,"column":34},"end":{"line":14,"column":1}},"line":4},"1":{"name":"(anonymous_1)","decl":{"start":{"line":16,"column":18},"end":{"line":16,"column":19}},"loc":{"start":{"line":17,"column":2},"end":{"line":25,"column":8}},"line":17}},"branchMap":{},"s":{"0":5,"1":1,"2":1,"3":1,"4":1,"5":1,"6":1,"7":5,"8":37},"f":{"0":1,"1":37},"b":{},"_coverageSchema":"43e27e138ebf9cfc5966b082cf9a028302ed4184","hash":"eed13f1c54ea3df4f572f4155e1f624d21b180ae"},"/home/travis/build/thibaudcolas/draftjs-conductor/src/demo/components/Link.js":{"path":"/home/travis/build/thibaudcolas/draftjs-conductor/src/demo/components/Link.js","statementMap":{"0":{"start":{"line":13,"column":28},"end":{"line":25,"column":1}},"1":{"start":{"line":18,"column":2},"end":{"line":24,"column":15}},"2":{"start":{"line":19,"column":22},"end":{"line":19,"column":43}},"3":{"start":{"line":20,"column":4},"end":{"line":23,"column":6}},"4":{"start":{"line":27,"column":13},"end":{"line":34,"column":1}},"5":{"start":{"line":28,"column":17},"end":{"line":28,"column":50}},"6":{"start":{"line":29,"column":2},"end":{"line":33,"column":4}}},"fnMap":{"0":{"name":"(anonymous_0)","decl":{"start":{"line":13,"column":28},"end":{"line":13,"column":29}},"loc":{"start":{"line":17,"column":5},"end":{"line":25,"column":1}},"line":17},"1":{"name":"(anonymous_1)","decl":{"start":{"line":18,"column":32},"end":{"line":18,"column":33}},"loc":{"start":{"line":18,"column":47},"end":{"line":24,"column":3}},"line":18},"2":{"name":"(anonymous_2)","decl":{"start":{"line":27,"column":13},"end":{"line":27,"column":14}},"loc":{"start":{"line":27,"column":63},"end":{"line":34,"column":1}},"line":27}},"branchMap":{"0":{"loc":{"start":{"line":21,"column":6},"end":{"line":22,"column":60}},"type":"binary-expr","locations":[{"start":{"line":21,"column":6},"end":{"line":21,"column":24}},{"start":{"line":22,"column":6},"end":{"line":22,"column":60}}],"line":21}},"s":{"0":5,"1":30,"2":30,"3":30,"4":5,"5":1,"6":1},"f":{"0":30,"1":30,"2":1},"b":{"0":[30,7]},"_coverageSchema":"43e27e138ebf9cfc5966b082cf9a028302ed4184","hash":"1fb7b41aa8f3c83c46a08a6732f25ef65f6f4a33"},"/home/travis/build/thibaudcolas/draftjs-conductor/src/demo/components/Image.js":{"path":"/home/travis/build/thibaudcolas/draftjs-conductor/src/demo/components/Image.js","statementMap":{"0":{"start":{"line":5,"column":14},"end":{"line":23,"column":1}},"1":{"start":{"line":12,"column":20},"end":{"line":12,"column":40}},"2":{"start":{"line":13,"column":14},"end":{"line":15,"column":12}},"3":{"start":{"line":17,"column":2},"end":{"line":22,"column":4}}},"fnMap":{"0":{"name":"(anonymous_0)","decl":{"start":{"line":5,"column":14},"end":{"line":5,"column":15}},"loc":{"start":{"line":11,"column":6},"end":{"line":23,"column":1}},"line":11}},"branchMap":{"0":{"loc":{"start":{"line":13,"column":14},"end":{"line":15,"column":12}},"type":"cond-expr","locations":[{"start":{"line":14,"column":6},"end":{"line":14,"column":53}},{"start":{"line":15,"column":6},"end":{"line":15,"column":12}}],"line":13}},"s":{"0":5,"1":3,"2":3,"3":3},"f":{"0":3},"b":{"0":[2,1]},"_coverageSchema":"43e27e138ebf9cfc5966b082cf9a028302ed4184","hash":"563e3d3554a3d8d11da0c63174815ce5c68cf185"},"/home/travis/build/thibaudcolas/draftjs-conductor/src/demo/components/Snippet.js":{"path":"/home/travis/build/thibaudcolas/draftjs-conductor/src/demo/components/Snippet.js","statementMap":{"0":{"start":{"line":7,"column":16},"end":{"line":26,"column":1}},"1":{"start":{"line":14,"column":20},"end":{"line":14,"column":40}},"2":{"start":{"line":15,"column":15},"end":{"line":17,"column":19}},"3":{"start":{"line":18,"column":2},"end":{"line":25,"column":4}}},"fnMap":{"0":{"name":"(anonymous_0)","decl":{"start":{"line":7,"column":16},"end":{"line":7,"column":17}},"loc":{"start":{"line":13,"column":6},"end":{"line":26,"column":1}},"line":13}},"branchMap":{"0":{"loc":{"start":{"line":15,"column":15},"end":{"line":17,"column":19}},"type":"cond-expr","locations":[{"start":{"line":16,"column":6},"end":{"line":16,"column":54}},{"start":{"line":17,"column":6},"end":{"line":17,"column":19}}],"line":15}},"s":{"0":5,"1":4,"2":4,"3":4},"f":{"0":4},"b":{"0":[3,1]},"_coverageSchema":"43e27e138ebf9cfc5966b082cf9a028302ed4184","hash":"a3869a633e794f9ea68477fd67839107212381d8"},"/home/travis/build/thibaudcolas/draftjs-conductor/src/demo/utils/DraftUtils.js":{"path":"/home/travis/build/thibaudcolas/draftjs-conductor/src/demo/utils/DraftUtils.js","statementMap":{"0":{"start":{"line":4,"column":21},"end":{"line":23,"column":1}},"1":{"start":{"line":5,"column":18},"end":{"line":5,"column":49}},"2":{"start":{"line":6,"column":20},"end":{"line":6,"column":46}},"3":{"start":{"line":8,"column":2},"end":{"line":10,"column":3}},"4":{"start":{"line":9,"column":4},"end":{"line":9,"column":52}},"5":{"start":{"line":12,"column":19},"end":{"line":12,"column":70}},"6":{"start":{"line":13,"column":19},"end":{"line":13,"column":49}},"7":{"start":{"line":14,"column":16},"end":{"line":14,"column":65}},"8":{"start":{"line":15,"column":2},"end":{"line":21,"column":4}},"9":{"start":{"line":22,"column":2},"end":{"line":22,"column":70}}},"fnMap":{"0":{"name":"(anonymous_0)","decl":{"start":{"line":4,"column":21},"end":{"line":4,"column":22}},"loc":{"start":{"line":4,"column":51},"end":{"line":23,"column":1}},"line":4}},"branchMap":{"0":{"loc":{"start":{"line":8,"column":2},"end":{"line":10,"column":3}},"type":"if","locations":[{"start":{"line":8,"column":2},"end":{"line":10,"column":3}},{"start":{"line":8,"column":2},"end":{"line":10,"column":3}}],"line":8}},"s":{"0":5,"1":3,"2":3,"3":3,"4":2,"5":1,"6":1,"7":1,"8":1,"9":1},"f":{"0":3},"b":{"0":[2,1]},"_coverageSchema":"43e27e138ebf9cfc5966b082cf9a028302ed4184","hash":"6b8394eaccc5b6ab0a69ae0880e2292faf8898e6"},"/home/travis/build/thibaudcolas/draftjs-conductor/src/index.js":{"path":"/home/travis/build/thibaudcolas/draftjs-conductor/src/index.js","statementMap":{"0":{"start":{"line":19,"column":14},"end":{"line":19,"column":45}},"1":{"start":{"line":21,"column":0},"end":{"line":23,"column":1}},"2":{"start":{"line":22,"column":2},"end":{"line":22,"column":34}}},"fnMap":{},"branchMap":{"0":{"loc":{"start":{"line":21,"column":0},"end":{"line":23,"column":1}},"type":"if","locations":[{"start":{"line":21,"column":0},"end":{"line":23,"column":1}},{"start":{"line":21,"column":0},"end":{"line":23,"column":1}}],"line":21}},"s":{"0":2,"1":2,"2":1},"f":{},"b":{"0":[1,1]},"_coverageSchema":"43e27e138ebf9cfc5966b082cf9a028302ed4184","hash":"c53a973a62067ffb34028614d576a9ced0e58d82"},"/home/travis/build/thibaudcolas/draftjs-conductor/src/demo/components/App.js":{"path":"/home/travis/build/thibaudcolas/draftjs-conductor/src/demo/components/App.js","statementMap":{"0":{"start":{"line":7,"column":25},"end":{"line":73,"column":1}},"1":{"start":{"line":75,"column":27},"end":{"line":175,"column":1}},"2":{"start":{"line":179,"column":4},"end":{"line":199,"column":6}}},"fnMap":{"0":{"name":"(anonymous_0)","decl":{"start":{"line":178,"column":2},"end":{"line":178,"column":3}},"loc":{"start":{"line":178,"column":11},"end":{"line":200,"column":3}},"line":178}},"branchMap":{},"s":{"0":3,"1":3,"2":2},"f":{"0":2},"b":{},"_coverageSchema":"43e27e138ebf9cfc5966b082cf9a028302ed4184","hash":"7986c640cd1f81454f93ba9f96ff147edcb728ae"}}}